<?xml version="1.0" encoding="UTF-8"?>
<!-- Generated by org.testng.reporters.JUnitXMLReporter -->
<testsuite ignored="0" hostname="MT-5CD120NMRG" failures="0" tests="10" name="Default test" time="346.658" errors="0" timestamp="2022-07-31T15:31:45 IST">
  <testcase classname="com.runner.Executing_test_cases" name="step1" time="19.49"/>
  <testcase classname="com.runner.Executing_test_cases" name="step2" time="3.734"/>
  <testcase classname="com.runner.Executing_test_cases" name="step3" time="44.43"/>
  <testcase classname="com.runner.Executing_test_cases" name="step4" time="27.712"/>
  <testcase classname="com.runner.Executing_test_cases" name="step5" time="91.019"/>
  <testcase classname="com.runner.Executing_test_cases" name="step6" time="50.26"/>
  <testcase classname="com.runner.Executing_test_cases" name="step7" time="12.258"/>
  <testcase classname="com.runner.Executing_test_cases" name="step8" time="9.24"/>
  <testcase classname="com.runner.Executing_test_cases" name="step9" time="26.834"/>
  <testcase classname="com.runner.Executing_test_cases" name="step10" time="26.261"/>
</testsuite> <!-- Default test -->
