<?xml version="1.0" encoding="UTF-8"?>
<!-- Generated by org.testng.reporters.JUnitXMLReporter -->
<testsuite ignored="0" hostname="MT-5CD120NMRG" failures="0" tests="10" name="Default test" time="95.016" errors="0" timestamp="2022-07-30T15:03:31 IST">
  <testcase classname="com.runner.Executing_test_cases" name="step1" time="12.927"/>
  <testcase classname="com.runner.Executing_test_cases" name="step2" time="2.668"/>
  <testcase classname="com.runner.Executing_test_cases" name="step3" time="11.881"/>
  <testcase classname="com.runner.Executing_test_cases" name="step4" time="9.608"/>
  <testcase classname="com.runner.Executing_test_cases" name="step5" time="5.497"/>
  <testcase classname="com.runner.Executing_test_cases" name="step6" time="9.507"/>
  <testcase classname="com.runner.Executing_test_cases" name="step7" time="7.799"/>
  <testcase classname="com.runner.Executing_test_cases" name="step8" time="5.871"/>
  <testcase classname="com.runner.Executing_test_cases" name="step9" time="10.821"/>
  <testcase classname="com.runner.Executing_test_cases" name="step10" time="12.227"/>
</testsuite> <!-- Default test -->
