<?xml version="1.0" encoding="UTF-8"?>
<!-- Generated by org.testng.reporters.JUnitXMLReporter -->
<testsuite ignored="22" hostname="MT-5CD120NMRG" failures="1" tests="20" name="Test" time="17.446" errors="0" timestamp="2022-07-30T15:01:15 IST">
  <testcase classname="com.runner.BaseClass" name="@BeforeClass setUp" time="0.001">
    <failure type="java.lang.NullPointerException" message="Cannot invoke &amp;quot;com.utility.ConfigProperties.getKey(String)&amp;quot; because &amp;quot;this.config&amp;quot; is null">
      <![CDATA[java.lang.NullPointerException: Cannot invoke "com.utility.ConfigProperties.getKey(String)" because "this.config" is null
at com.runner.BaseClass.setUp(BaseClass.java:49)
at java.base/java.util.ArrayList.forEach(ArrayList.java:1511)
... Removed 23 stack frames]]>
    </failure>
  </testcase> <!-- @BeforeClass setUp -->
  <testcase classname="com.runner.BaseClass" name="@BeforeClass setUp" time="0.001">
    <failure type="java.lang.NullPointerException" message="Cannot invoke &amp;quot;com.utility.ConfigProperties.getKey(String)&amp;quot; because &amp;quot;this.config&amp;quot; is null">
      <![CDATA[java.lang.NullPointerException: Cannot invoke "com.utility.ConfigProperties.getKey(String)" because "this.config" is null
at com.runner.BaseClass.setUp(BaseClass.java:49)
at java.base/java.util.ArrayList.forEach(ArrayList.java:1511)
... Removed 23 stack frames]]>
    </failure>
  </testcase> <!-- @BeforeClass setUp -->
  <testcase classname="com.runner.BaseClass" name="@BeforeClass setUp" time="0.0">
    <failure type="java.lang.NullPointerException" message="Cannot invoke &amp;quot;com.utility.ConfigProperties.getKey(String)&amp;quot; because &amp;quot;this.config&amp;quot; is null">
      <![CDATA[java.lang.NullPointerException: Cannot invoke "com.utility.ConfigProperties.getKey(String)" because "this.config" is null
at com.runner.BaseClass.setUp(BaseClass.java:49)
at java.base/java.util.ArrayList.forEach(ArrayList.java:1511)
... Removed 23 stack frames]]>
    </failure>
  </testcase> <!-- @BeforeClass setUp -->
  <testcase classname="com.runner.BaseClass" name="@BeforeClass setUp" time="0.0">
    <failure type="java.lang.NullPointerException" message="Cannot invoke &amp;quot;com.utility.ConfigProperties.getKey(String)&amp;quot; because &amp;quot;this.config&amp;quot; is null">
      <![CDATA[java.lang.NullPointerException: Cannot invoke "com.utility.ConfigProperties.getKey(String)" because "this.config" is null
at com.runner.BaseClass.setUp(BaseClass.java:49)
at java.base/java.util.ArrayList.forEach(ArrayList.java:1511)
... Removed 23 stack frames]]>
    </failure>
  </testcase> <!-- @BeforeClass setUp -->
  <testcase classname="com.runner.BaseClass" name="@BeforeClass setUp" time="0.0">
    <failure type="java.lang.NullPointerException" message="Cannot invoke &amp;quot;com.utility.ConfigProperties.getKey(String)&amp;quot; because &amp;quot;this.config&amp;quot; is null">
      <![CDATA[java.lang.NullPointerException: Cannot invoke "com.utility.ConfigProperties.getKey(String)" because "this.config" is null
at com.runner.BaseClass.setUp(BaseClass.java:49)
at java.base/java.util.ArrayList.forEach(ArrayList.java:1511)
... Removed 23 stack frames]]>
    </failure>
  </testcase> <!-- @BeforeClass setUp -->
  <testcase classname="com.runner.BaseClass" name="@BeforeClass setUp" time="0.0">
    <failure type="java.lang.NullPointerException" message="Cannot invoke &amp;quot;com.utility.ConfigProperties.getKey(String)&amp;quot; because &amp;quot;this.config&amp;quot; is null">
      <![CDATA[java.lang.NullPointerException: Cannot invoke "com.utility.ConfigProperties.getKey(String)" because "this.config" is null
at com.runner.BaseClass.setUp(BaseClass.java:49)
at java.base/java.util.ArrayList.forEach(ArrayList.java:1511)
... Removed 23 stack frames]]>
    </failure>
  </testcase> <!-- @BeforeClass setUp -->
  <testcase classname="com.runner.BaseClass" name="@BeforeClass setUp" time="0.0">
    <failure type="java.lang.NullPointerException" message="Cannot invoke &amp;quot;com.utility.ConfigProperties.getKey(String)&amp;quot; because &amp;quot;this.config&amp;quot; is null">
      <![CDATA[java.lang.NullPointerException: Cannot invoke "com.utility.ConfigProperties.getKey(String)" because "this.config" is null
at com.runner.BaseClass.setUp(BaseClass.java:49)
at java.base/java.util.ArrayList.forEach(ArrayList.java:1511)
... Removed 23 stack frames]]>
    </failure>
  </testcase> <!-- @BeforeClass setUp -->
  <testcase classname="com.runner.BaseClass" name="@BeforeClass setUp" time="0.001">
    <failure type="java.lang.NullPointerException" message="Cannot invoke &amp;quot;com.utility.ConfigProperties.getKey(String)&amp;quot; because &amp;quot;this.config&amp;quot; is null">
      <![CDATA[java.lang.NullPointerException: Cannot invoke "com.utility.ConfigProperties.getKey(String)" because "this.config" is null
at com.runner.BaseClass.setUp(BaseClass.java:49)
at java.base/java.util.ArrayList.forEach(ArrayList.java:1511)
... Removed 23 stack frames]]>
    </failure>
  </testcase> <!-- @BeforeClass setUp -->
  <testcase classname="com.runner.BaseClass" name="@BeforeClass setUp" time="0.001">
    <failure type="java.lang.NullPointerException" message="Cannot invoke &amp;quot;com.utility.ConfigProperties.getKey(String)&amp;quot; because &amp;quot;this.config&amp;quot; is null">
      <![CDATA[java.lang.NullPointerException: Cannot invoke "com.utility.ConfigProperties.getKey(String)" because "this.config" is null
at com.runner.BaseClass.setUp(BaseClass.java:49)
at java.base/java.util.ArrayList.forEach(ArrayList.java:1511)
... Removed 23 stack frames]]>
    </failure>
  </testcase> <!-- @BeforeClass setUp -->
  <testcase classname="com.runner.BaseClass" name="@BeforeClass setUp" time="0.001">
    <failure type="java.lang.NullPointerException" message="Cannot invoke &amp;quot;com.utility.ConfigProperties.getKey(String)&amp;quot; because &amp;quot;this.config&amp;quot; is null">
      <![CDATA[java.lang.NullPointerException: Cannot invoke "com.utility.ConfigProperties.getKey(String)" because "this.config" is null
at com.runner.BaseClass.setUp(BaseClass.java:49)
at java.base/java.util.ArrayList.forEach(ArrayList.java:1511)
... Removed 23 stack frames]]>
    </failure>
  </testcase> <!-- @BeforeClass setUp -->
  <testcase classname="com.runner.Menu1" name="menu1" time="0.0">
    <skipped/>
  </testcase> <!-- menu1 -->
  <testcase classname="com.runner.Menu2" name="menu2" time="12.41">
    <failure type="org.openqa.selenium.ElementNotInteractableException" message="element not interactable
  (Session info: chrome=103.0.5060.134)
Build info: version: &amp;apos;3.141.59&amp;apos;, revision: &amp;apos;e82be7d358&amp;apos;, time: &amp;apos;2018-11-14T08:17:03&amp;apos;
System info: host: &amp;apos;MT-5CD120NMRG&amp;apos;, ip: &amp;apos;192.168.1.7&amp;apos;, os.name: &amp;apos;Windows 10&amp;apos;, os.arch: &amp;apos;amd64&amp;apos;, os.version: &amp;apos;10.0&amp;apos;, java.version: &amp;apos;18.0.1&amp;apos;
Driver info: org.openqa.selenium.chrome.ChromeDriver
Capabilities {acceptInsecureCerts: false, browserName: chrome, browserVersion: 103.0.5060.134, chrome: {chromedriverVersion: 103.0.5060.134 (8ec6fce403b..., userDataDir: C:\Users\M1089157\AppData\L...}, goog:chromeOptions: {debuggerAddress: localhost:58967}, javascriptEnabled: true, networkConnectionEnabled: false, pageLoadStrategy: normal, platform: WINDOWS, platformName: WINDOWS, proxy: Proxy(), setWindowRect: true, strictFileInteractability: false, timeouts: {implicit: 0, pageLoad: 300000, script: 30000}, unhandledPromptBehavior: dismiss and notify, webauthn:extension:credBlob: true, webauthn:extension:largeBlob: true, webauthn:virtualAuthenticators: true}
Session ID: 8a2c78075b17790dcd24a6625cb24e5b">
      <![CDATA[org.openqa.selenium.ElementNotInteractableException: element not interactable
  (Session info: chrome=103.0.5060.134)
Build info: version: '3.141.59', revision: 'e82be7d358', time: '2018-11-14T08:17:03'
System info: host: 'MT-5CD120NMRG', ip: '192.168.1.7', os.name: 'Windows 10', os.arch: 'amd64', os.version: '10.0', java.version: '18.0.1'
Driver info: org.openqa.selenium.chrome.ChromeDriver
Capabilities {acceptInsecureCerts: false, browserName: chrome, browserVersion: 103.0.5060.134, chrome: {chromedriverVersion: 103.0.5060.134 (8ec6fce403b..., userDataDir: C:\Users\M1089157\AppData\L...}, goog:chromeOptions: {debuggerAddress: localhost:58967}, javascriptEnabled: true, networkConnectionEnabled: false, pageLoadStrategy: normal, platform: WINDOWS, platformName: WINDOWS, proxy: Proxy(), setWindowRect: true, strictFileInteractability: false, timeouts: {implicit: 0, pageLoad: 300000, script: 30000}, unhandledPromptBehavior: dismiss and notify, webauthn:extension:credBlob: true, webauthn:extension:largeBlob: true, webauthn:virtualAuthenticators: true}
Session ID: 8a2c78075b17790dcd24a6625cb24e5b
at org.openqa.selenium.remote.http.W3CHttpResponseCodec.createException(W3CHttpResponseCodec.java:187)
at org.openqa.selenium.remote.http.W3CHttpResponseCodec.decode(W3CHttpResponseCodec.java:122)
at org.openqa.selenium.remote.http.W3CHttpResponseCodec.decode(W3CHttpResponseCodec.java:49)
at org.openqa.selenium.remote.HttpCommandExecutor.execute(HttpCommandExecutor.java:158)
at org.openqa.selenium.remote.service.DriverCommandExecutor.execute(DriverCommandExecutor.java:83)
at org.openqa.selenium.remote.RemoteWebDriver.execute(RemoteWebDriver.java:552)
at org.openqa.selenium.remote.RemoteWebElement.execute(RemoteWebElement.java:285)
at org.openqa.selenium.remote.RemoteWebElement.click(RemoteWebElement.java:84)
at com.pageobject.Menu2Page.menu2page(Menu2Page.java:23)
at com.runner.Menu2.menu2(Menu2.java:19)
at java.base/java.util.ArrayList.forEach(ArrayList.java:1511)
... Removed 28 stack frames]]>
    </failure>
  </testcase> <!-- menu2 -->
  <testcase classname="com.runner.Spinner" name="spinner" time="0.0">
    <skipped/>
  </testcase> <!-- spinner -->
  <testcase classname="com.runner.Signup" name="sign" time="0.0">
    <skipped/>
  </testcase> <!-- sign -->
  <testcase classname="com.runner.Search" name="search" time="0.0">
    <skipped/>
  </testcase> <!-- search -->
  <testcase classname="com.runner.Facebook" name="facebook" time="0.0">
    <skipped/>
  </testcase> <!-- facebook -->
  <testcase classname="com.runner.Footer1ContactUs" name="footercontactus" time="0.0">
    <skipped/>
  </testcase> <!-- footercontactus -->
  <testcase classname="com.runner.Executing_test_cases" name="step1" time="0.0">
    <skipped/>
  </testcase> <!-- step1 -->
  <testcase classname="com.runner.Executing_test_cases" name="step2" time="0.0">
    <skipped/>
  </testcase> <!-- step2 -->
  <testcase classname="com.runner.Executing_test_cases" name="step3" time="0.0">
    <skipped/>
  </testcase> <!-- step3 -->
  <testcase classname="com.runner.Executing_test_cases" name="step4" time="0.0">
    <skipped/>
  </testcase> <!-- step4 -->
  <testcase classname="com.runner.Executing_test_cases" name="step5" time="0.0">
    <skipped/>
  </testcase> <!-- step5 -->
  <testcase classname="com.runner.Executing_test_cases" name="step6" time="0.0">
    <skipped/>
  </testcase> <!-- step6 -->
  <testcase classname="com.runner.Executing_test_cases" name="step7" time="0.0">
    <skipped/>
  </testcase> <!-- step7 -->
  <testcase classname="com.runner.Executing_test_cases" name="step8" time="0.0">
    <skipped/>
  </testcase> <!-- step8 -->
  <testcase classname="com.runner.Executing_test_cases" name="step9" time="0.0">
    <skipped/>
  </testcase> <!-- step9 -->
  <testcase classname="com.runner.Executing_test_cases" name="step10" time="0.0">
    <skipped/>
  </testcase> <!-- step10 -->
  <testcase classname="com.runner.FooterCA" name="footerca" time="0.0">
    <skipped/>
  </testcase> <!-- footerca -->
  <testcase classname="com.runner.FooterIcon" name="footericon" time="0.0">
    <skipped/>
  </testcase> <!-- footericon -->
  <testcase classname="com.runner.Menu5" name="menu5" time="0.0">
    <skipped/>
  </testcase> <!-- menu5 -->
  <testcase classname="com.runner.BaseClass" name="@AfterSuite Clear" time="0.0">
    <ignored/>
  </testcase> <!-- @AfterSuite Clear -->
  <testcase classname="com.runner.BaseClass" name="@AfterSuite Clear" time="0.0">
    <ignored/>
  </testcase> <!-- @AfterSuite Clear -->
  <testcase classname="com.runner.BaseClass" name="@AfterSuite Clear" time="0.0">
    <ignored/>
  </testcase> <!-- @AfterSuite Clear -->
  <testcase classname="com.runner.BaseClass" name="@AfterSuite Clear" time="0.0">
    <ignored/>
  </testcase> <!-- @AfterSuite Clear -->
  <testcase classname="com.runner.BaseClass" name="@AfterSuite Clear" time="0.0">
    <ignored/>
  </testcase> <!-- @AfterSuite Clear -->
  <testcase classname="com.runner.BaseClass" name="@AfterSuite Clear" time="0.0">
    <ignored/>
  </testcase> <!-- @AfterSuite Clear -->
  <testcase classname="com.runner.BaseClass" name="@AfterSuite Clear" time="0.0">
    <ignored/>
  </testcase> <!-- @AfterSuite Clear -->
  <testcase classname="com.runner.BaseClass" name="@AfterSuite Clear" time="0.0">
    <ignored/>
  </testcase> <!-- @AfterSuite Clear -->
  <testcase classname="com.runner.BaseClass" name="@AfterSuite Clear" time="0.0">
    <ignored/>
  </testcase> <!-- @AfterSuite Clear -->
  <testcase classname="com.runner.BaseClass" name="@AfterSuite Clear" time="0.0">
    <ignored/>
  </testcase> <!-- @AfterSuite Clear -->
  <testcase classname="com.runner.BaseClass" name="@AfterSuite Clear" time="0.0">
    <ignored/>
  </testcase> <!-- @AfterSuite Clear -->
  <testcase classname="com.runner.BaseClass" name="@BeforeSuite InitializeMethods" time="0.0">
    <ignored/>
  </testcase> <!-- @BeforeSuite InitializeMethods -->
  <testcase classname="com.runner.BaseClass" name="@BeforeSuite InitializeMethods" time="0.0">
    <ignored/>
  </testcase> <!-- @BeforeSuite InitializeMethods -->
  <testcase classname="com.runner.BaseClass" name="@BeforeSuite InitializeMethods" time="0.0">
    <ignored/>
  </testcase> <!-- @BeforeSuite InitializeMethods -->
  <testcase classname="com.runner.BaseClass" name="@BeforeSuite InitializeMethods" time="0.0">
    <ignored/>
  </testcase> <!-- @BeforeSuite InitializeMethods -->
  <testcase classname="com.runner.BaseClass" name="@BeforeSuite InitializeMethods" time="0.0">
    <ignored/>
  </testcase> <!-- @BeforeSuite InitializeMethods -->
  <testcase classname="com.runner.BaseClass" name="@BeforeSuite InitializeMethods" time="0.0">
    <ignored/>
  </testcase> <!-- @BeforeSuite InitializeMethods -->
  <testcase classname="com.runner.BaseClass" name="@BeforeSuite InitializeMethods" time="0.0">
    <ignored/>
  </testcase> <!-- @BeforeSuite InitializeMethods -->
  <testcase classname="com.runner.BaseClass" name="@BeforeSuite InitializeMethods" time="0.0">
    <ignored/>
  </testcase> <!-- @BeforeSuite InitializeMethods -->
  <testcase classname="com.runner.BaseClass" name="@BeforeSuite InitializeMethods" time="0.0">
    <ignored/>
  </testcase> <!-- @BeforeSuite InitializeMethods -->
  <testcase classname="com.runner.BaseClass" name="@BeforeSuite InitializeMethods" time="0.0">
    <ignored/>
  </testcase> <!-- @BeforeSuite InitializeMethods -->
  <testcase classname="com.runner.BaseClass" name="@BeforeSuite InitializeMethods" time="0.0">
    <ignored/>
  </testcase> <!-- @BeforeSuite InitializeMethods -->
</testsuite> <!-- Test -->
