<?xml version="1.0" encoding="UTF-8"?>
<!-- Generated by org.testng.reporters.JUnitXMLReporter -->
<testsuite ignored="0" hostname="MT-5CD120NMRG" failures="0" tests="10" name="Test" time="114.042" errors="0" timestamp="2022-07-31T16:42:35 IST">
  <testcase classname="com.runner.Executing_test_cases" name="step1" time="15.09"/>
  <testcase classname="com.runner.Executing_test_cases" name="step2" time="2.367"/>
  <testcase classname="com.runner.Executing_test_cases" name="step3" time="13.232"/>
  <testcase classname="com.runner.Executing_test_cases" name="step4" time="11.188"/>
  <testcase classname="com.runner.Executing_test_cases" name="step5" time="8.1"/>
  <testcase classname="com.runner.Executing_test_cases" name="step6" time="14.55"/>
  <testcase classname="com.runner.Executing_test_cases" name="step7" time="7.05"/>
  <testcase classname="com.runner.Executing_test_cases" name="step8" time="5.271"/>
  <testcase classname="com.runner.Executing_test_cases" name="step9" time="16.764"/>
  <testcase classname="com.runner.Executing_test_cases" name="step10" time="11.063"/>
</testsuite> <!-- Test -->
